#
# A fatal error has been detected by the Java Runtime Environment:
#
#  EXCEPTION_ACCESS_VIOLATION (0xc0000005) at pc=0x0000000060f68225, pid=12224, tid=3064
#
# JRE version: Java(TM) SE Runtime Environment (8.0_40-b25) (build 1.8.0_40-b25)
# Java VM: Java HotSpot(TM) 64-Bit Server VM (25.40-b25 mixed mode windows-amd64 compressed oops)
# Problematic frame:
# V  [jvm.dll+0x128225]
#
# Failed to write core dump. Minidumps are not enabled by default on client versions of Windows
#
# If you would like to submit a bug report, please visit:
#   http://bugreport.java.com/bugreport/crash.jsp
#

---------------  T H R E A D  ---------------

Current thread (0x0000000017ae9800):  JavaThread "JDWP Transport Listener: dt_socket" daemon [_thread_in_vm, id=3064, stack(0x00000000194b0000,0x00000000195b0000)]

siginfo: ExceptionCode=0xc0000005, reading address 0x00003b72656d726f

Registers:
RAX=0x00000000195af901, RBX=0x0000000017ae9800, RCX=0x00003b72656d726f, RDX=0x0000000000000000
RSP=0x00000000195af8d0, RBP=0x00003b72656d726f, RSI=0x00000000195af9e8, RDI=0x0000000002a18fd0
R8 =0x0000000017ae9800, R9 =0x0000000000008000, R10=0x0000000000000000, R11=0x00000000195afbc8
R12=0x0000000000000000, R13=0x0000000017af1dd8, R14=0x0000000000000000, R15=0x0000000000000000
RIP=0x0000000060f68225, EFLAGS=0x0000000000010206

Top of Stack: (sp=0x00000000195af8d0)
0x00000000195af8d0:   0000000017ae9800 0000000017ae9800
0x00000000195af8e0:   00000000195af998 000000006116c6db
0x00000000195af8f0:   0000000017ae9800 0000000061188f3d
0x00000000195af900:   0000000000000000 0000000062469155
0x00000000195af910:   000000001921e220 000000006247291e
0x00000000195af920:   0000000017ae9800 0000000000000000
0x00000000195af930:   0000000000000000 0000000000000000
0x00000000195af940:   00003b72656d726f 0000000062471a15
0x00000000195af950:   00000000195af9e8 00000000195af9c0
0x00000000195af960:   0000000000000001 000000001921e220
0x00000000195af970:   00003b72656d726f 00000000624553b3
0x00000000195af980:   00000000195afab0 0000000000000001
0x00000000195af990:   0000000000000001 000000001921e220
0x00000000195af9a0:   0000000000000001 0000000000000000
0x00000000195af9b0:   0000000000000000 0000000000000000
0x00000000195af9c0:   0000000000000001 0000000062455571 

Instructions: (pc=0x0000000060f68225)
0x0000000060f68205:   cc cc cc cc cc cc cc cc cc cc cc 48 83 ec 28 48
0x0000000060f68215:   85 c9 75 07 33 c0 48 83 c4 28 c3 48 89 5c 24 20
0x0000000060f68225:   48 8b 19 48 85 db 74 20 48 83 fb 37 74 1a 48 8b
0x0000000060f68235:   13 48 8b cb ff 52 10 84 c0 74 0d 48 8b c3 48 8b 


Register to memory mapping:

RAX=0x00000000195af901 is pointing into the stack for thread: 0x0000000017ae9800
RBX=0x0000000017ae9800 is a thread
RCX=0x00003b72656d726f is an unknown value
RDX=0x0000000000000000 is an unknown value
RSP=0x00000000195af8d0 is pointing into the stack for thread: 0x0000000017ae9800
RBP=0x00003b72656d726f is an unknown value
RSI=0x00000000195af9e8 is pointing into the stack for thread: 0x0000000017ae9800
RDI=0x0000000002a18fd0 is an unknown value
R8 =0x0000000017ae9800 is a thread
R9 =0x0000000000008000 is an unknown value
R10=0x0000000000000000 is an unknown value
R11=0x00000000195afbc8 is pointing into the stack for thread: 0x0000000017ae9800
R12=0x0000000000000000 is an unknown value
R13=0x0000000017af1dd8 is an unknown value
R14=0x0000000000000000 is an unknown value
R15=0x0000000000000000 is an unknown value


Stack: [0x00000000194b0000,0x00000000195b0000],  sp=0x00000000195af8d0,  free space=1022k
Native frames: (J=compiled Java code, j=interpreted, Vv=VM code, C=native code)
V  [jvm.dll+0x128225]
V  [jvm.dll+0x348f3d]
C  [jdwp.dll+0x21a15]
C  [jdwp.dll+0x53b3]
C  [jdwp.dll+0x5571]
C  [jdwp.dll+0xf0a8]
C  [jdwp.dll+0x1f2d5]
C  [jdwp.dll+0x1f4aa]
V  [jvm.dll+0x1bad48]
V  [jvm.dll+0x241914]
V  [jvm.dll+0x29848a]
C  [msvcr100.dll+0x21d9f]
C  [msvcr100.dll+0x21e3b]
C  [KERNEL32.DLL+0x8364]
C  [ntdll.dll+0x670d1]


---------------  P R O C E S S  ---------------

Java Threads: ( => current thread )
  0x0000000019fe6000 JavaThread "Thread-3" daemon [_thread_in_native, id=1400, stack(0x000000001f0c0000,0x000000001f1c0000)]
  0x0000000019fe3000 JavaThread "JavaFX-Launcher" [_thread_blocked, id=8916, stack(0x000000001f1c0000,0x000000001f2c0000)]
  0x0000000019fb3800 JavaThread "JavaFX Application Thread" [_thread_blocked, id=8028, stack(0x000000001a930000,0x000000001aa30000)]
  0x0000000019fb2800 JavaThread "Thread-1" daemon [_thread_blocked, id=3332, stack(0x000000001a830000,0x000000001a930000)]
  0x0000000019180800 JavaThread "QuantumRenderer-0" daemon [_thread_blocked, id=6456, stack(0x0000000019cb0000,0x0000000019db0000)]
  0x0000000017b2d800 JavaThread "Service Thread" daemon [_thread_blocked, id=8240, stack(0x0000000019ab0000,0x0000000019bb0000)]
  0x0000000017b11000 JavaThread "C1 CompilerThread2" daemon [_thread_blocked, id=6572, stack(0x00000000199b0000,0x0000000019ab0000)]
  0x0000000017b0c000 JavaThread "C2 CompilerThread1" daemon [_thread_blocked, id=1252, stack(0x00000000198b0000,0x00000000199b0000)]
  0x0000000017b07000 JavaThread "C2 CompilerThread0" daemon [_thread_blocked, id=4588, stack(0x00000000197b0000,0x00000000198b0000)]
  0x0000000017af8000 JavaThread "JDWP Command Reader" daemon [_thread_in_native, id=6896, stack(0x00000000196b0000,0x00000000197b0000)]
  0x0000000017af4800 JavaThread "JDWP Event Helper Thread" daemon [_thread_blocked, id=5792, stack(0x00000000195b0000,0x00000000196b0000)]
=>0x0000000017ae9800 JavaThread "JDWP Transport Listener: dt_socket" daemon [_thread_in_vm, id=3064, stack(0x00000000194b0000,0x00000000195b0000)]
  0x0000000018e72800 JavaThread "Attach Listener" daemon [_thread_blocked, id=9864, stack(0x0000000019330000,0x0000000019430000)]
  0x0000000017ac9800 JavaThread "Signal Dispatcher" daemon [_thread_blocked, id=10088, stack(0x0000000019230000,0x0000000019330000)]
  0x0000000002fa7800 JavaThread "Finalizer" daemon [_thread_blocked, id=204, stack(0x0000000018d30000,0x0000000018e30000)]
  0x0000000002f9e800 JavaThread "Reference Handler" daemon [_thread_blocked, id=7776, stack(0x0000000018c30000,0x0000000018d30000)]
  0x0000000002eb2800 JavaThread "main" [_thread_blocked, id=8116, stack(0x0000000002db0000,0x0000000002eb0000)]

Other Threads:
  0x0000000017a98800 VMThread [stack: 0x0000000018b30000,0x0000000018c30000] [id=7364]
  0x0000000017b2e800 WatcherThread [stack: 0x0000000019bb0000,0x0000000019cb0000] [id=4388]

VM state:not at safepoint (normal execution)

VM Mutex/Monitor currently owned by a thread: None

Heap:
 PSYoungGen      total 38400K, used 16082K [0x00000000d5f80000, 0x00000000d8a00000, 0x0000000100000000)
  eden space 33280K, 48% used [0x00000000d5f80000,0x00000000d6f34a08,0x00000000d8000000)
  from space 5120K, 0% used [0x00000000d8500000,0x00000000d8500000,0x00000000d8a00000)
  to   space 5120K, 0% used [0x00000000d8000000,0x00000000d8000000,0x00000000d8500000)
 ParOldGen       total 87552K, used 0K [0x0000000081e00000, 0x0000000087380000, 0x00000000d5f80000)
  object space 87552K, 0% used [0x0000000081e00000,0x0000000081e00000,0x0000000087380000)
 Metaspace       used 7685K, capacity 8024K, committed 8320K, reserved 1056768K
  class space    used 922K, capacity 1026K, committed 1152K, reserved 1048576K

Card table byte_map: [0x0000000012370000,0x0000000012770000] byte_map_base: 0x0000000011f61000

Marking Bits: (ParMarkBitMap*) 0x0000000061644040
 Begin Bits: [0x0000000012e20000, 0x0000000014da8000)
 End Bits:   [0x0000000014da8000, 0x0000000016d30000)

Polling page: 0x0000000000e40000

CodeCache: size=245760Kb used=2238Kb max_used=2238Kb free=243521Kb
 bounds [0x0000000002fb0000, 0x0000000003220000, 0x0000000011fb0000]
 total_blobs=903 nmethods=510 adapters=314
 compilation: enabled

Compilation events (10 events):
Event: 3.378 Thread 0x0000000017b11000  506       3       java.util.StringTokenizer::skipDelimiters (116 bytes)
Event: 3.378 Thread 0x0000000017b11000 nmethod 506 0x00000000031db5d0 code [0x00000000031db7e0, 0x00000000031dc3b8]
Event: 3.378 Thread 0x0000000017b07000  507       4       java.lang.CharacterData::of (120 bytes)
Event: 3.379 Thread 0x0000000017b07000 nmethod 507 0x00000000031d8f10 code [0x00000000031d9040, 0x00000000031d90b8]
Event: 4.404 Thread 0x0000000017b11000  508       3       com.sun.javafx.tk.quantum.QuantumToolkit$$Lambda$41/1152117299::run (8 bytes)
Event: 4.405 Thread 0x0000000017b11000 nmethod 508 0x00000000031ded10 code [0x00000000031deec0, 0x00000000031df328]
Event: 4.405 Thread 0x0000000017b11000  509   !   3       com.sun.javafx.tk.quantum.QuantumToolkit::lambda$runToolkit$401 (16 bytes)
Event: 4.406 Thread 0x0000000017b11000 nmethod 509 0x00000000031de610 code [0x00000000031de7a0, 0x00000000031deb88]
Event: 6.452 Thread 0x0000000017b11000  510       3       com.sun.javafx.tk.quantum.QuantumToolkit::postPulse (148 bytes)
Event: 6.456 Thread 0x0000000017b11000 nmethod 510 0x00000000031df550 code [0x00000000031df8c0, 0x00000000031e1918]

GC Heap History (0 events):
No events

Deoptimization events (1 events):
Event: 0.319 Thread 0x0000000002eb2800 Uncommon trap: reason=unstable_if action=reinterpret pc=0x000000000316d060 method=java.lang.String.replace(CC)Ljava/lang/String; @ 26

Internal exceptions (9 events):
Event: 0.031 Thread 0x0000000002eb2800 Exception <a 'java/lang/NoSuchMethodError': Method sun.misc.Unsafe.defineClass(Ljava/lang/String;[BII)Ljava/lang/Class; name or signature does not match> (0x00000000d5f92eb8) thrown at [D:\re\workspace\8-2-build-windows-amd64-cygwin\jdk8u40\2855\hotspot\srWL˛…®mü?
Event: 0.031 Thread 0x0000000002eb2800 Exception <a 'java/lang/NoSuchMethodError': Method sun.misc.Unsafe.prefetchRead(Ljava/lang/Object;J)V name or signature does not match> (0x00000000d5f93148) thrown at [D:\re\workspace\8-2-build-windows-amd64-cygwin\jdk8u40\2855\hotspot\src\share\vm\prims\jS˛á5êß∆?
Event: 0.177 Thread 0x0000000002eb2800 Exception <a 'java/lang/NoSuchFieldError': method resolution failed> (0x00000000d6340748) thrown at [D:\re\workspace\8-2-build-windows-amd64-cygwin\jdk8u40\2855\hotspot\src\share\vm\prims\methodHandles.cpp, line 1125]
Event: 0.182 Thread 0x0000000002eb2800 Exception <a 'java/lang/NoSuchFieldError': method resolution failed> (0x00000000d634ee18) thrown at [D:\re\workspace\8-2-build-windows-amd64-cygwin\jdk8u40\2855\hotspot\src\share\vm\prims\methodHandles.cpp, line 1125]
Event: 0.197 Thread 0x0000000002eb2800 Exception <a 'java/security/PrivilegedActionException'> (0x00000000d63d6488) thrown at [D:\re\workspace\8-2-build-windows-amd64-cygwin\jdk8u40\2855\hotspot\src\share\vm\prims\jvm.cpp, line 1382]
Event: 0.197 Thread 0x0000000002eb2800 Exception <a 'java/security/PrivilegedActionException'> (0x00000000d63d6640) thrown at [D:\re\workspace\8-2-build-windows-amd64-cygwin\jdk8u40\2855\hotspot\src\share\vm\prims\jvm.cpp, line 1382]
Event: 0.198 Thread 0x0000000002eb2800 Exception <a 'java/security/PrivilegedActionException'> (0x00000000d63d8be0) thrown at [D:\re\workspace\8-2-build-windows-amd64-cygwin\jdk8u40\2855\hotspot\src\share\vm\prims\jvm.cpp, line 1382]
Event: 0.198 Thread 0x0000000002eb2800 Exception <a 'java/security/PrivilegedActionException'> (0x00000000d63d8d98) thrown at [D:\re\workspace\8-2-build-windows-amd64-cygwin\jdk8u40\2855\hotspot\src\share\vm\prims\jvm.cpp, line 1382]
Event: 0.198 Thread 0x0000000002eb2800 Exception <a 'java/lang/NullPointerException'> (0x00000000d63d9318) thrown at [D:\re\workspace\8-2-build-windows-amd64-cygwin\jdk8u40\2855\hotspot\src\share\vm\interpreter\linkResolver.cpp, line 1178]

Events (10 events):
Event: 75.638 Executing VM operation: GetCurrentLocation
Event: 75.638 Executing VM operation: GetCurrentLocation done
Event: 75.638 Executing VM operation: EnterInterpOnlyMode
Event: 75.638 Executing VM operation: EnterInterpOnlyMode done
Event: 75.638 Executing VM operation: ChangeSingleStep
Event: 75.638 Executing VM operation: ChangeSingleStep done
Event: 75.638 Executing VM operation: ChangeSingleStep
Event: 75.638 Executing VM operation: ChangeSingleStep done
Event: 75.666 Executing VM operation: RedefineClasses
Event: 75.668 Executing VM operation: RedefineClasses done


Dynamic libraries:
0x00007ff65cf20000 - 0x00007ff65cf57000 	C:\pleiades\java\8\bin\javaw.exe
0x00007ffe22fd0000 - 0x00007ffe231a1000 	C:\WINDOWS\SYSTEM32\ntdll.dll
0x00007ffe20700000 - 0x00007ffe207ab000 	C:\WINDOWS\System32\KERNEL32.DLL
0x00007ffe20290000 - 0x00007ffe204ad000 	C:\WINDOWS\System32\KERNELBASE.dll
0x00007ffe225a0000 - 0x00007ffe22642000 	C:\WINDOWS\System32\ADVAPI32.dll
0x00007ffe20600000 - 0x00007ffe2069e000 	C:\WINDOWS\System32\msvcrt.dll
0x00007ffe22650000 - 0x00007ffe226a9000 	C:\WINDOWS\System32\sechost.dll
0x00007ffe22930000 - 0x00007ffe22a51000 	C:\WINDOWS\System32\RPCRT4.dll
0x00007ffe22140000 - 0x00007ffe222a5000 	C:\WINDOWS\System32\USER32.dll
0x00007ffe1fc00000 - 0x00007ffe1fc1e000 	C:\WINDOWS\System32\win32u.dll
0x00007ffe21f90000 - 0x00007ffe21fc4000 	C:\WINDOWS\System32\GDI32.dll
0x00007ffe1fd70000 - 0x00007ffe1fef2000 	C:\WINDOWS\System32\gdi32full.dll
0x00007ffe0d910000 - 0x00007ffe0db89000 	C:\WINDOWS\WinSxS\amd64_microsoft.windows.common-controls_6595b64144ccf1df_6.0.14393.447_none_42191651c6827bb3\COMCTL32.dll
0x00007ffe222d0000 - 0x00007ffe22598000 	C:\WINDOWS\System32\combase.dll
0x00007ffe1fc20000 - 0x00007ffe1fd15000 	C:\WINDOWS\System32\ucrtbase.dll
0x00007ffe1ff00000 - 0x00007ffe1ff6a000 	C:\WINDOWS\System32\bcryptPrimitives.dll
0x00007ffe21f60000 - 0x00007ffe21f8e000 	C:\WINDOWS\System32\IMM32.DLL
0x0000000062490000 - 0x0000000062562000 	C:\pleiades\java\8\jre\bin\msvcr100.dll
0x0000000060e40000 - 0x00000000616c3000 	C:\pleiades\java\8\jre\bin\server\jvm.dll
0x00007ffe22720000 - 0x00007ffe22728000 	C:\WINDOWS\System32\PSAPI.DLL
0x00007ffe1d750000 - 0x00007ffe1d773000 	C:\WINDOWS\SYSTEM32\WINMM.dll
0x00007ffe17c70000 - 0x00007ffe17c7a000 	C:\WINDOWS\SYSTEM32\VERSION.dll
0x00007ffe139b0000 - 0x00007ffe139b9000 	C:\WINDOWS\SYSTEM32\WSOCK32.dll
0x00007ffe22790000 - 0x00007ffe227fa000 	C:\WINDOWS\System32\WS2_32.dll
0x0000000000df0000 - 0x0000000000e1b000 	C:\WINDOWS\SYSTEM32\WINMMBASE.dll
0x00007ffe1fd20000 - 0x00007ffe1fd62000 	C:\WINDOWS\System32\cfgmgr32.dll
0x0000000062650000 - 0x000000006265f000 	C:\pleiades\java\8\jre\bin\verify.dll
0x0000000062620000 - 0x0000000062649000 	C:\pleiades\java\8\jre\bin\java.dll
0x0000000062450000 - 0x0000000062485000 	C:\pleiades\java\8\jre\bin\jdwp.dll
0x0000000062610000 - 0x0000000062618000 	C:\pleiades\java\8\jre\bin\npt.dll
0x0000000062430000 - 0x0000000062446000 	C:\pleiades\java\8\jre\bin\zip.dll
0x00007ffe208b0000 - 0x00007ffe21db9000 	C:\WINDOWS\System32\SHELL32.dll
0x00007ffe1f4c0000 - 0x00007ffe1fb9a000 	C:\WINDOWS\System32\windows.storage.dll
0x00007ffe1f470000 - 0x00007ffe1f4bc000 	C:\WINDOWS\System32\powrprof.dll
0x00007ffe206a0000 - 0x00007ffe206f2000 	C:\WINDOWS\System32\shlwapi.dll
0x00007ffe1f460000 - 0x00007ffe1f46f000 	C:\WINDOWS\System32\kernel.appcore.dll
0x00007ffe20140000 - 0x00007ffe201e9000 	C:\WINDOWS\System32\shcore.dll
0x00007ffe1f430000 - 0x00007ffe1f444000 	C:\WINDOWS\System32\profapi.dll
0x0000000062420000 - 0x0000000062429000 	C:\pleiades\java\8\jre\bin\dt_socket.dll
0x00007ffe17340000 - 0x00007ffe17356000 	C:\WINDOWS\system32\napinsp.dll
0x00007ffe17360000 - 0x00007ffe1737a000 	C:\WINDOWS\system32\pnrpnsp.dll
0x00007ffe1cb80000 - 0x00007ffe1cb98000 	C:\WINDOWS\system32\NLAapi.dll
0x00007ffe1ec30000 - 0x00007ffe1ec8c000 	C:\WINDOWS\System32\mswsock.dll
0x00007ffe1ea10000 - 0x00007ffe1eab0000 	C:\WINDOWS\SYSTEM32\DNSAPI.dll
0x00007ffe22860000 - 0x00007ffe22868000 	C:\WINDOWS\System32\NSI.dll
0x00007ffe1e9c0000 - 0x00007ffe1e9f8000 	C:\WINDOWS\SYSTEM32\IPHLPAPI.DLL
0x00007ffe17380000 - 0x00007ffe1738e000 	C:\WINDOWS\System32\winrnr.dll
0x0000000063240000 - 0x0000000063266000 	C:\Program Files\Bonjour\mdnsNSP.dll
0x00007ffe1b1c0000 - 0x00007ffe1b22a000 	C:\WINDOWS\System32\fwpuclnt.dll
0x00007ffe1f370000 - 0x00007ffe1f39b000 	C:\WINDOWS\SYSTEM32\bcrypt.dll
0x00007ffe1af70000 - 0x00007ffe1af7a000 	C:\Windows\System32\rasadhlp.dll
0x00000000623f0000 - 0x000000006241c000 	C:\pleiades\java\8\jre\bin\prism_d3d.dll
0x00007ffdfdcc0000 - 0x00007ffdfde4d000 	C:\WINDOWS\system32\d3d9.dll
0x00007ffe1c930000 - 0x00007ffe1c956000 	C:\WINDOWS\SYSTEM32\dwmapi.dll
0x00007ffe1dac0000 - 0x00007ffe1db55000 	C:\WINDOWS\system32\uxtheme.dll
0x00007ffdf2d90000 - 0x00007ffdf8574000 	C:\WINDOWS\System32\DriverStore\FileRepository\igdlh64.inf_amd64_0745f11ce6fc197c\igdumdim64.dll
0x00007ffe22870000 - 0x00007ffe2292f000 	C:\WINDOWS\System32\OLEAUT32.dll
0x00007ffe201f0000 - 0x00007ffe2028c000 	C:\WINDOWS\System32\msvcp_win.dll
0x00007ffe22a60000 - 0x00007ffe22b97000 	C:\WINDOWS\System32\ole32.dll
0x00007ffe22ba0000 - 0x00007ffe22fc9000 	C:\WINDOWS\System32\SETUPAPI.dll
0x00000000623a0000 - 0x00000000623e1000 	C:\pleiades\java\8\jre\bin\glass.dll
0x00007ffe207b0000 - 0x00007ffe208aa000 	C:\WINDOWS\System32\COMDLG32.dll
0x00007ffe21fd0000 - 0x00007ffe2212b000 	C:\WINDOWS\System32\MSCTF.dll
0x00007ffe13f90000 - 0x00007ffe150ec000 	C:\WINDOWS\System32\DriverStore\FileRepository\igdlh64.inf_amd64_0745f11ce6fc197c\igc64.dll
0x0000000062370000 - 0x0000000062395000 	C:\pleiades\java\8\jre\bin\javafx_iio.dll
0x00007ffe1c1f0000 - 0x00007ffe1c382000 	C:\WINDOWS\SYSTEM32\dbghelp.dll

VM Arguments:
jvm_args: -agentlib:jdwp=transport=dt_socket,suspend=y,address=localhost:60377 -Dfile.encoding=UTF-8 
java_command: ch03.ex13.MyColorTransformer
java_class_path (initial): C:\Users\hiroki\Documents\Java8å§èC\workspace\source\bin;C:\pleiades\eclipse\plugins\org.junit_4.11.0.v201303080030\junit.jar;C:\pleiades\eclipse\plugins\org.hamcrest.core_1.3.0.v201303031735.jar
Launcher Type: SUN_STANDARD

Environment Variables:
PATH=C:\pleiades\java\8\jre\bin;C:/pleiades/eclipse/jre/bin/../jre/bin/server;C:/pleiades/eclipse/jre/bin/../jre/bin;C:/pleiades/eclipse/jre/bin/../jre/lib/amd64;C:\ProgramData\Oracle\Java\javapath;C:\WINDOWS\system32;C:\WINDOWS;C:\WINDOWS\System32\Wbem;C:\WINDOWS\System32\WindowsPowerShell\v1.0\;C:\Program Files\TortoiseGit\bin;C:\Program Files\Git\bin;C:\Program Files\Java\jdk1.8.0_74\bin;C:\Users\hiroki\AppData\Local\Microsoft\WindowsApps;;C:\pleiades\eclipse;
USERNAME=hiroki
OS=Windows_NT
PROCESSOR_IDENTIFIER=Intel64 Family 6 Model 94 Stepping 3, GenuineIntel



---------------  S Y S T E M  ---------------

OS: Windows 10.0 , 64 bit Build 14393 (10.0.14393.0)

CPU:total 4 (4 cores per cpu, 1 threads per core) family 6 model 94 stepping 3, cmov, cx8, fxsr, mmx, sse, sse2, sse3, ssse3, sse4.1, sse4.2, popcnt, avx, avx2, aes, clmul, erms, rtm, 3dnowpref, lzcnt, tsc, tscinvbit, bmi1, bmi2, adx

Memory: 4k page, physical 8265088k(2934800k free), swap 10492232k(1976764k free)

vm_info: Java HotSpot(TM) 64-Bit Server VM (25.40-b25) for windows-amd64 JRE (1.8.0_40-b25), built on Feb 10 2015 21:53:57 by "java_re" with MS VC++ 10.0 (VS2010)

time: Thu Dec 15 01:23:14 2016
elapsed time: 75 seconds (0d 0h 1m 15s)

