#
# A fatal error has been detected by the Java Runtime Environment:
#
#  EXCEPTION_ACCESS_VIOLATION (0xc0000005) at pc=0x00000000554c8225, pid=12464, tid=12764
#
# JRE version: Java(TM) SE Runtime Environment (8.0_40-b25) (build 1.8.0_40-b25)
# Java VM: Java HotSpot(TM) 64-Bit Server VM (25.40-b25 mixed mode windows-amd64 compressed oops)
# Problematic frame:
# V  [jvm.dll+0x128225]
#
# Failed to write core dump. Minidumps are not enabled by default on client versions of Windows
#
# If you would like to submit a bug report, please visit:
#   http://bugreport.java.com/bugreport/crash.jsp
#

---------------  T H R E A D  ---------------

Current thread (0x00000000177fb800):  JavaThread "JDWP Transport Listener: dt_socket" daemon [_thread_in_vm, id=12764, stack(0x0000000019110000,0x0000000019210000)]

siginfo: ExceptionCode=0xc0000005, reading address 0xffffffffffffffff

Registers:
RAX=0x000000001920f801, RBX=0x00000000177fb800, RCX=0x70656378452f676e, RDX=0x0000000000000000
RSP=0x000000001920f7f0, RBP=0x70656378452f676e, RSI=0x000000001920f908, RDI=0x0000000000ae8fa0
R8 =0x00000000177fb800, R9 =0x0000000000008000, R10=0x0000000000000000, R11=0x000000001920fa41
R12=0x0000000000000000, R13=0x0000000018d054b8, R14=0x0000000000000000, R15=0x0000000000000000
RIP=0x00000000554c8225, EFLAGS=0x0000000000010202

Top of Stack: (sp=0x000000001920f7f0)
0x000000001920f7f0:   00000000177fb800 00000000177fb800
0x000000001920f800:   000000001920f8b8 00000000556cc6db
0x000000001920f810:   00000000177fb800 00000000556e8f3d
0x000000001920f820:   0000000000000000 0000000055339155
0x000000001920f830:   00000000177af880 000000005534291e
0x000000001920f840:   00000000177fb800 0000000000000000
0x000000001920f850:   0000000000000000 0000000000000000
0x000000001920f860:   70656378452f676e 0000000055341a15
0x000000001920f870:   000000001920f908 000000001920f8e0
0x000000001920f880:   0000000000000001 00000000177af880
0x000000001920f890:   70656378452f676e 00000000553253b3
0x000000001920f8a0:   000000001920f9d0 0000000000000001
0x000000001920f8b0:   0000000000000001 00000000177af880
0x000000001920f8c0:   0000000000000001 0000000000000000
0x000000001920f8d0:   0000000000000000 0000000000000000
0x000000001920f8e0:   0000000000000001 0000000055325571 

Instructions: (pc=0x00000000554c8225)
0x00000000554c8205:   cc cc cc cc cc cc cc cc cc cc cc 48 83 ec 28 48
0x00000000554c8215:   85 c9 75 07 33 c0 48 83 c4 28 c3 48 89 5c 24 20
0x00000000554c8225:   48 8b 19 48 85 db 74 20 48 83 fb 37 74 1a 48 8b
0x00000000554c8235:   13 48 8b cb ff 52 10 84 c0 74 0d 48 8b c3 48 8b 


Register to memory mapping:

RAX=0x000000001920f801 is pointing into the stack for thread: 0x00000000177fb800
RBX=0x00000000177fb800 is a thread
RCX=0x70656378452f676e is an unknown value
RDX=0x0000000000000000 is an unknown value
RSP=0x000000001920f7f0 is pointing into the stack for thread: 0x00000000177fb800
RBP=0x70656378452f676e is an unknown value
RSI=0x000000001920f908 is pointing into the stack for thread: 0x00000000177fb800
RDI=0x0000000000ae8fa0 is an unknown value
R8 =0x00000000177fb800 is a thread
R9 =0x0000000000008000 is an unknown value
R10=0x0000000000000000 is an unknown value
R11=0x000000001920fa41 is pointing into the stack for thread: 0x00000000177fb800
R12=0x0000000000000000 is an unknown value
R13=0x0000000018d054b8 is an unknown value
R14=0x0000000000000000 is an unknown value
R15=0x0000000000000000 is an unknown value


Stack: [0x0000000019110000,0x0000000019210000],  sp=0x000000001920f7f0,  free space=1021k
Native frames: (J=compiled Java code, j=interpreted, Vv=VM code, C=native code)
V  [jvm.dll+0x128225]
V  [jvm.dll+0x348f3d]
C  [jdwp.dll+0x21a15]
C  [jdwp.dll+0x53b3]
C  [jdwp.dll+0x5571]
C  [jdwp.dll+0xf0a8]
C  [jdwp.dll+0x1f2d5]
C  [jdwp.dll+0x1f4aa]
V  [jvm.dll+0x1bad48]
V  [jvm.dll+0x241914]
V  [jvm.dll+0x29848a]
C  [msvcr100.dll+0x21d9f]
C  [msvcr100.dll+0x21e3b]
C  [KERNEL32.DLL+0x8364]
C  [ntdll.dll+0x670d1]


---------------  P R O C E S S  ---------------

Java Threads: ( => current thread )
  0x0000000019059000 JavaThread "pool-1-thread-1" [_thread_blocked, id=8208, stack(0x00000000199b0000,0x0000000019ab0000)]
  0x0000000018da9800 JavaThread "Service Thread" daemon [_thread_blocked, id=1872, stack(0x00000000197b0000,0x00000000198b0000)]
  0x0000000018d29000 JavaThread "C1 CompilerThread2" daemon [_thread_blocked, id=2088, stack(0x00000000196b0000,0x00000000197b0000)]
  0x0000000018d26000 JavaThread "C2 CompilerThread1" daemon [_thread_blocked, id=2276, stack(0x00000000195b0000,0x00000000196b0000)]
  0x0000000018d1a800 JavaThread "C2 CompilerThread0" daemon [_thread_blocked, id=3672, stack(0x00000000194b0000,0x00000000195b0000)]
  0x0000000018d15800 JavaThread "JDWP Command Reader" daemon [_thread_in_native, id=7344, stack(0x00000000193b0000,0x00000000194b0000)]
  0x0000000018d08000 JavaThread "JDWP Event Helper Thread" daemon [_thread_blocked, id=11252, stack(0x00000000192b0000,0x00000000193b0000)]
=>0x00000000177fb800 JavaThread "JDWP Transport Listener: dt_socket" daemon [_thread_in_vm, id=12764, stack(0x0000000019110000,0x0000000019210000)]
  0x00000000177f2800 JavaThread "Attach Listener" daemon [_thread_blocked, id=7136, stack(0x0000000018c00000,0x0000000018d00000)]
  0x00000000177b0000 JavaThread "Signal Dispatcher" daemon [_thread_blocked, id=12180, stack(0x0000000018b00000,0x0000000018c00000)]
  0x0000000002c47800 JavaThread "Finalizer" daemon [_thread_blocked, id=6492, stack(0x00000000189f0000,0x0000000018af0000)]
  0x0000000002c3e800 JavaThread "Reference Handler" daemon [_thread_blocked, id=2912, stack(0x00000000188f0000,0x00000000189f0000)]
  0x0000000002b52800 JavaThread "main" [_thread_blocked, id=4224, stack(0x0000000002a50000,0x0000000002b50000)]

Other Threads:
  0x0000000017768800 VMThread [stack: 0x00000000187f0000,0x00000000188f0000] [id=11848]
  0x0000000018dbe000 WatcherThread [stack: 0x00000000198b0000,0x00000000199b0000] [id=2488]

VM state:not at safepoint (normal execution)

VM Mutex/Monitor currently owned by a thread: None

Heap:
 PSYoungGen      total 38400K, used 3995K [0x00000000d5f80000, 0x00000000d8a00000, 0x0000000100000000)
  eden space 33280K, 12% used [0x00000000d5f80000,0x00000000d6366c20,0x00000000d8000000)
  from space 5120K, 0% used [0x00000000d8500000,0x00000000d8500000,0x00000000d8a00000)
  to   space 5120K, 0% used [0x00000000d8000000,0x00000000d8000000,0x00000000d8500000)
 ParOldGen       total 87552K, used 0K [0x0000000081e00000, 0x0000000087380000, 0x00000000d5f80000)
  object space 87552K, 0% used [0x0000000081e00000,0x0000000081e00000,0x0000000087380000)
 Metaspace       used 3702K, capacity 4644K, committed 4864K, reserved 1056768K
  class space    used 408K, capacity 455K, committed 512K, reserved 1048576K

Card table byte_map: [0x0000000012010000,0x0000000012410000] byte_map_base: 0x0000000011c01000

Marking Bits: (ParMarkBitMap*) 0x0000000055ba4040
 Begin Bits: [0x0000000012ac0000, 0x0000000014a48000)
 End Bits:   [0x0000000014a48000, 0x00000000169d0000)

Polling page: 0x0000000000b50000

CodeCache: size=245760Kb used=1486Kb max_used=1490Kb free=244273Kb
 bounds [0x0000000002c50000, 0x0000000002ec0000, 0x0000000011c50000]
 total_blobs=466 nmethods=215 adapters=172
 compilation: enabled

Compilation events (10 events):
Event: 25.880 Thread 0x0000000018d29000  209       3       jdk.internal.org.objectweb.asm.Frame::pop (45 bytes)
Event: 25.880 Thread 0x0000000018d29000 nmethod 209 0x0000000002dc3810 code [0x0000000002dc3960, 0x0000000002dc3b30]
Event: 25.880 Thread 0x0000000018d29000  212       3       java.util.Arrays$ArrayList::size (6 bytes)
Event: 25.880 Thread 0x0000000018d29000 nmethod 212 0x0000000002dc34d0 code [0x0000000002dc3620, 0x0000000002dc3770]
Event: 25.880 Thread 0x0000000018d29000  213       3       java.util.AbstractList$Itr::hasNext (20 bytes)
Event: 25.880 Thread 0x0000000018d29000 nmethod 213 0x0000000002dc3010 code [0x0000000002dc3180, 0x0000000002dc3408]
Event: 25.882 Thread 0x0000000018d29000  214       3       java.util.Collections$UnmodifiableCollection$1::hasNext (10 bytes)
Event: 25.882 Thread 0x0000000018d29000 nmethod 214 0x0000000002dc2bd0 code [0x0000000002dc2d40, 0x0000000002dc2f68]
Event: 25.883 Thread 0x0000000018d29000  215       3       java.util.concurrent.ConcurrentHashMap::putIfAbsent (8 bytes)
Event: 25.883 Thread 0x0000000018d29000 nmethod 215 0x0000000002dc2790 code [0x0000000002dc2900, 0x0000000002dc2b28]

GC Heap History (0 events):
No events

Deoptimization events (0 events):
No events

Internal exceptions (4 events):
Event: 0.049 Thread 0x0000000002b52800 Exception <a 'java/lang/NoSuchMethodError': Method sun.misc.Unsafe.defineClass(Ljava/lang/String;[BII)Ljava/lang/Class; name or signature does not match> (0x00000000d5f92d90) thrown at [D:\re\workspace\8-2-build-windows-amd64-cygwin\jdk8u40\2855\hotspot\sr“±œÛ˜H©?
Event: 0.049 Thread 0x0000000002b52800 Exception <a 'java/lang/NoSuchMethodError': Method sun.misc.Unsafe.prefetchRead(Ljava/lang/Object;J)V name or signature does not match> (0x00000000d5f93020) thrown at [D:\re\workspace\8-2-build-windows-amd64-cygwin\jdk8u40\2855\hotspot\src\share\vm\prims\jÇ¬Í∏ê€9@
Event: 25.858 Thread 0x0000000002b52800 Exception <a 'java/lang/NoSuchFieldError': method resolution failed> (0x00000000d62ddaa8) thrown at [D:\re\workspace\8-2-build-windows-amd64-cygwin\jdk8u40\2855\hotspot\src\share\vm\prims\methodHandles.cpp, line 1125]
Event: 25.864 Thread 0x0000000002b52800 Exception <a 'java/lang/NoSuchFieldError': method resolution failed> (0x00000000d62ec1f8) thrown at [D:\re\workspace\8-2-build-windows-amd64-cygwin\jdk8u40\2855\hotspot\src\share\vm\prims\methodHandles.cpp, line 1125]

Events (10 events):
Event: 180.384 Executing VM operation: GetCurrentLocation
Event: 180.385 Executing VM operation: GetCurrentLocation done
Event: 180.385 Executing VM operation: EnterInterpOnlyMode
Event: 180.385 Executing VM operation: EnterInterpOnlyMode done
Event: 180.385 Executing VM operation: ChangeSingleStep
Event: 180.385 Executing VM operation: ChangeSingleStep done
Event: 180.391 Executing VM operation: ChangeSingleStep
Event: 180.391 Executing VM operation: ChangeSingleStep done
Event: 180.404 Executing VM operation: RedefineClasses
Event: 180.405 Executing VM operation: RedefineClasses done


Dynamic libraries:
0x00007ff6a5820000 - 0x00007ff6a5857000 	C:\pleiades\java\8\bin\javaw.exe
0x00007ffec2610000 - 0x00007ffec27e1000 	C:\WINDOWS\SYSTEM32\ntdll.dll
0x00007ffec2350000 - 0x00007ffec23fb000 	C:\WINDOWS\System32\KERNEL32.DLL
0x00007ffebeb00000 - 0x00007ffebed1d000 	C:\WINDOWS\System32\KERNELBASE.dll
0x00007ffebfce0000 - 0x00007ffebfd82000 	C:\WINDOWS\System32\ADVAPI32.dll
0x00007ffec1510000 - 0x00007ffec15ae000 	C:\WINDOWS\System32\msvcrt.dll
0x00007ffec2480000 - 0x00007ffec24d9000 	C:\WINDOWS\System32\sechost.dll
0x00007ffec24e0000 - 0x00007ffec2601000 	C:\WINDOWS\System32\RPCRT4.dll
0x00007ffec1ad0000 - 0x00007ffec1c35000 	C:\WINDOWS\System32\USER32.dll
0x00007ffebed20000 - 0x00007ffebed3e000 	C:\WINDOWS\System32\win32u.dll
0x00007ffebff50000 - 0x00007ffebff84000 	C:\WINDOWS\System32\GDI32.dll
0x00007ffebf800000 - 0x00007ffebf982000 	C:\WINDOWS\System32\gdi32full.dll
0x00007ffeb6590000 - 0x00007ffeb6809000 	C:\WINDOWS\WinSxS\amd64_microsoft.windows.common-controls_6595b64144ccf1df_6.0.14393.447_none_42191651c6827bb3\COMCTL32.dll
0x00007ffec1c50000 - 0x00007ffec1f18000 	C:\WINDOWS\System32\combase.dll
0x00007ffebfaa0000 - 0x00007ffebfb95000 	C:\WINDOWS\System32\ucrtbase.dll
0x00007ffebfa30000 - 0x00007ffebfa9a000 	C:\WINDOWS\System32\bcryptPrimitives.dll
0x00007ffec1a30000 - 0x00007ffec1a5e000 	C:\WINDOWS\System32\IMM32.DLL
0x0000000055c30000 - 0x0000000055d02000 	C:\pleiades\java\8\jre\bin\msvcr100.dll
0x00000000553a0000 - 0x0000000055c23000 	C:\pleiades\java\8\jre\bin\server\jvm.dll
0x00007ffec1c40000 - 0x00007ffec1c48000 	C:\WINDOWS\System32\PSAPI.DLL
0x00007ffeb48e0000 - 0x00007ffeb48e9000 	C:\WINDOWS\SYSTEM32\WSOCK32.dll
0x00007ffebc400000 - 0x00007ffebc423000 	C:\WINDOWS\SYSTEM32\WINMM.dll
0x00007ffeb5b80000 - 0x00007ffeb5b8a000 	C:\WINDOWS\SYSTEM32\VERSION.dll
0x00007ffec1800000 - 0x00007ffec186a000 	C:\WINDOWS\System32\WS2_32.dll
0x0000000002a20000 - 0x0000000002a4b000 	C:\WINDOWS\SYSTEM32\WINMMBASE.dll
0x00007ffebf420000 - 0x00007ffebf462000 	C:\WINDOWS\System32\cfgmgr32.dll
0x0000000055390000 - 0x000000005539f000 	C:\pleiades\java\8\jre\bin\verify.dll
0x0000000055360000 - 0x0000000055389000 	C:\pleiades\java\8\jre\bin\java.dll
0x0000000055320000 - 0x0000000055355000 	C:\pleiades\java\8\jre\bin\jdwp.dll
0x0000000055310000 - 0x0000000055318000 	C:\pleiades\java\8\jre\bin\npt.dll
0x00000000552f0000 - 0x0000000055306000 	C:\pleiades\java\8\jre\bin\zip.dll
0x00007ffec0000000 - 0x00007ffec1509000 	C:\WINDOWS\System32\SHELL32.dll
0x00007ffebed40000 - 0x00007ffebf41a000 	C:\WINDOWS\System32\windows.storage.dll
0x00007ffebeaa0000 - 0x00007ffebeaec000 	C:\WINDOWS\System32\powrprof.dll
0x00007ffec2400000 - 0x00007ffec2452000 	C:\WINDOWS\System32\shlwapi.dll
0x00007ffebea90000 - 0x00007ffebea9f000 	C:\WINDOWS\System32\kernel.appcore.dll
0x00007ffebf750000 - 0x00007ffebf7f9000 	C:\WINDOWS\System32\shcore.dll
0x00007ffebea70000 - 0x00007ffebea84000 	C:\WINDOWS\System32\profapi.dll
0x00000000552e0000 - 0x00000000552e9000 	C:\pleiades\java\8\jre\bin\dt_socket.dll
0x00007ffeaf260000 - 0x00007ffeaf276000 	C:\WINDOWS\system32\napinsp.dll
0x00007ffeb0460000 - 0x00007ffeb047a000 	C:\WINDOWS\system32\pnrpnsp.dll
0x00007ffebbe70000 - 0x00007ffebbe88000 	C:\WINDOWS\system32\NLAapi.dll
0x00007ffebe340000 - 0x00007ffebe39c000 	C:\WINDOWS\System32\mswsock.dll
0x00007ffebe110000 - 0x00007ffebe1b0000 	C:\WINDOWS\SYSTEM32\DNSAPI.dll
0x00007ffec1750000 - 0x00007ffec1758000 	C:\WINDOWS\System32\NSI.dll
0x00007ffebe0d0000 - 0x00007ffebe108000 	C:\WINDOWS\SYSTEM32\IPHLPAPI.DLL
0x00007ffeb0480000 - 0x00007ffeb048e000 	C:\WINDOWS\System32\winrnr.dll
0x0000000057ae0000 - 0x0000000057b06000 	C:\Program Files\Bonjour\mdnsNSP.dll
0x00007ffebb4a0000 - 0x00007ffebb50a000 	C:\WINDOWS\System32\fwpuclnt.dll
0x00007ffebe9b0000 - 0x00007ffebe9db000 	C:\WINDOWS\SYSTEM32\bcrypt.dll
0x00007ffebb360000 - 0x00007ffebb36a000 	C:\Windows\System32\rasadhlp.dll
0x00007ffebab50000 - 0x00007ffebace2000 	C:\WINDOWS\SYSTEM32\dbghelp.dll

VM Arguments:
jvm_args: -agentlib:jdwp=transport=dt_socket,suspend=y,address=localhost:50070 -Dfile.encoding=UTF-8 
java_command: ch06.ex05.WordLoader
java_class_path (initial): C:\Users\hiroki\Documents\Java8å§èC\workspace\source\bin;C:\pleiades\eclipse\plugins\org.junit_4.11.0.v201303080030\junit.jar;C:\pleiades\eclipse\plugins\org.hamcrest.core_1.3.0.v201303031735.jar
Launcher Type: SUN_STANDARD

Environment Variables:
PATH=C:\pleiades\java\8\jre\bin;C:/pleiades/eclipse/jre/bin/../jre/bin/server;C:/pleiades/eclipse/jre/bin/../jre/bin;C:/pleiades/eclipse/jre/bin/../jre/lib/amd64;C:\ProgramData\Oracle\Java\javapath;C:\WINDOWS\system32;C:\WINDOWS;C:\WINDOWS\System32\Wbem;C:\WINDOWS\System32\WindowsPowerShell\v1.0\;C:\Program Files\TortoiseGit\bin;C:\Program Files\Git\bin;C:\Program Files\Java\jdk1.8.0_74\bin;C:\Users\hiroki\AppData\Local\Microsoft\WindowsApps;;C:\pleiades\eclipse;
USERNAME=hiroki
OS=Windows_NT
PROCESSOR_IDENTIFIER=Intel64 Family 6 Model 94 Stepping 3, GenuineIntel



---------------  S Y S T E M  ---------------

OS: Windows 10.0 , 64 bit Build 14393 (10.0.14393.0)

CPU:total 4 (4 cores per cpu, 1 threads per core) family 6 model 94 stepping 3, cmov, cx8, fxsr, mmx, sse, sse2, sse3, ssse3, sse4.1, sse4.2, popcnt, avx, avx2, aes, clmul, erms, rtm, 3dnowpref, lzcnt, tsc, tscinvbit, bmi1, bmi2, adx

Memory: 4k page, physical 8265088k(3984108k free), swap 9575808k(3483264k free)

vm_info: Java HotSpot(TM) 64-Bit Server VM (25.40-b25) for windows-amd64 JRE (1.8.0_40-b25), built on Feb 10 2015 21:53:57 by "java_re" with MS VC++ 10.0 (VS2010)

time: Thu Jan 19 23:44:03 2017
elapsed time: 180 seconds (0d 0h 3m 0s)

